-------------------------------------------------------------------------------
Test set: max.com.junit5.examples.ParametrizedTestDemo
-------------------------------------------------------------------------------
Tests run: 6, Failures: 1, Errors: 0, Skipped: 0, Time elapsed: 0.088 s <<< FAILURE! - in max.com.junit5.examples.ParametrizedTestDemo
test_GetValuesFromAMethod{String}[3]  Time elapsed: 0.019 s  <<< FAILURE!
org.opentest4j.AssertionFailedError: expected: <true> but was: <false>
	at max.com.junit5.examples.ParametrizedTestDemo.test_GetValuesFromAMethod(ParametrizedTestDemo.java:33)

